<?xml version="1.0" encoding="UTF-8"?>
<!-- Generated by org.testng.reporters.JUnitXMLReporter -->
<testsuite ignored="0" hostname="LAPTOP-K8NHRRHE" failures="2" tests="5" name="Test" time="36.61" errors="0" timestamp="2023-06-14T20:05:19 IST">
  <testcase classname="tests.LoginTest" name="Verify_Error_on_Incorrect_Credentials" time="1.6"/>
  <testcase classname="tests.LoginTest" name="Verify_Login_Page_Header" time="0.022"/>
  <testcase classname="tests.LoginTest" name="Verify_Username_Field_Present" time="0.037"/>
  <testcase classname="tests.HomePageTest" name="Verify_Links" time="2.508">
    <failure type="java.lang.AssertionError" message="The following asserts failed:
	expected [Leave] but found [Recruitment],
	expected [Time] but found [My Info],
	expected [Recruitment] but found [Performance],
	expected [My Info] but found [Dashboard],
	expected [Performance] but found [Directory],
	expected [Dashboard] but found [Maintenance],
	expected [Directory] but found [Buzz]">
      <![CDATA[java.lang.AssertionError: The following asserts failed:
expected [Leave] but found [Recruitment],
expected [Time] but found [My Info],
expected [Recruitment] but found [Performance],
expected [My Info] but found [Dashboard],
expected [Performance] but found [Directory],
expected [Dashboard] but found [Maintenance],
expected [Directory] but found [Buzz]
at tests.HomePageTest.Verify_Links(HomePageTest.java:60)
at java.base/java.util.ArrayList.forEach(ArrayList.java:1511)
... Removed 27 stack frames]]>
    </failure>
  </testcase> <!-- Verify_Links -->
  <testcase classname="tests.HomePageTest" name="verify_username" time="7.026">
    <failure type="java.lang.AssertionError" message="expected [Domina Burndead] but found [VyaWzbEwVJ Collingstestingtestingtesting]">
      <![CDATA[java.lang.AssertionError: expected [Domina Burndead] but found [VyaWzbEwVJ Collingstestingtestingtesting]
at tests.HomePageTest.verify_username(HomePageTest.java:33)
at java.base/java.util.ArrayList.forEach(ArrayList.java:1511)
... Removed 31 stack frames]]>
    </failure>
  </testcase> <!-- verify_username -->
</testsuite> <!-- Test -->
